<?xml version="1.0" encoding="UTF-8"?>
<!-- Generated by org.testng.reporters.JUnitReportReporter -->
<testsuite hostname="kalpesh16" failures="0" tests="4" name="com.bridgelabz.AppiumCalculaterAutomation.CalculaterTests" time="11.256" errors="0" timestamp="2022-05-17T12:33:51 IST" skipped="0">
  <testcase classname="com.bridgelabz.AppiumCalculaterAutomation.CalculaterTests" name="addition" time="2.159"/>
  <system-out/>
  <testcase classname="com.bridgelabz.AppiumCalculaterAutomation.CalculaterTests" name="subtraction" time="3.088"/>
  <system-out/>
  <testcase classname="com.bridgelabz.AppiumCalculaterAutomation.CalculaterTests" name="multiply" time="2.998"/>
  <system-out/>
  <testcase classname="com.bridgelabz.AppiumCalculaterAutomation.CalculaterTests" name="division" time="3.011"/>
  <system-out/>
</testsuite> <!-- com.bridgelabz.AppiumCalculaterAutomation.CalculaterTests -->
